2024-09-24 19:08:12,262 - database - ERROR - Failed to initialize database: (sqlite3.OperationalError) unable to open database file
(Background on this error at: https://sqlalche.me/e/20/e3q8)
2024-09-24 19:11:21,250 - database - INFO - Database initialized at C:\Users\JohnPC\Desktop\Project Manager\Boligventilasjon_Prosjekter\projects.db
2024-09-24 19:11:21,493 - database - INFO - Loaded all projects
2024-09-24 19:11:21,495 - database - INFO - Loaded projects with status='Completed'
2024-09-24 19:11:21,496 - database - INFO - Loaded projects with status='Finished'
2024-09-24 19:11:21,497 - database - INFO - Loaded all projects
2024-09-24 19:11:55,439 - __main__ - INFO - Template directory already exists at C:\Users\JohnPC\Desktop\Project Manager\templates
2024-09-24 19:11:58,635 - __main__ - WARNING - User cancelled selecting 'Innregulering.docx'
2024-09-24 19:12:00,060 - database - INFO - Loaded all projects
2024-09-24 19:12:04,064 - database - INFO - Database session closed.
2024-09-24 19:12:08,386 - database - INFO - Database initialized at C:\Users\JohnPC\Desktop\Project Manager\Boligventilasjon_Prosjekter\projects.db
2024-09-24 19:12:08,620 - database - INFO - Loaded all projects
2024-09-24 19:12:08,622 - database - INFO - Loaded projects with status='Completed'
2024-09-24 19:12:08,624 - database - INFO - Loaded projects with status='Finished'
2024-09-24 19:12:08,625 - database - INFO - Loaded all projects
2024-09-24 19:12:10,955 - database - INFO - Database session closed.
2024-09-24 19:12:12,591 - database - INFO - Database initialized at C:\Users\JohnPC\Desktop\Project Manager\Boligventilasjon_Prosjekter\projects.db
2024-09-24 19:12:12,828 - database - INFO - Loaded all projects
2024-09-24 19:12:12,830 - database - INFO - Loaded projects with status='Completed'
2024-09-24 19:12:12,832 - database - INFO - Loaded projects with status='Finished'
2024-09-24 19:12:12,833 - database - INFO - Loaded all projects
2024-09-24 19:12:44,949 - database - INFO - Added project: qwewqe ()
2024-09-24 19:12:44,951 - gui.add_project_dialog - INFO - Copied templates to C:\Users\JohnPC\Desktop\Project Manager\Boligventilasjon_Prosjekter\qwewqe_
2024-09-24 19:12:46,358 - gui.add_project_dialog - INFO - Project added successfully: qwewqe ()
2024-09-24 19:12:46,361 - database - INFO - Loaded all projects
2024-09-24 19:12:46,363 - gui.detailed_view_tab - INFO - New project added via dialog.
2024-09-24 19:13:03,848 - database - INFO - Updated project ID 1: qwewqe ()
2024-09-24 19:13:03,849 - database - INFO - Loaded all projects
2024-09-24 19:13:04,939 - gui.base_projects_tab - INFO - Moved project ID 1 to Active.
2024-09-24 19:13:04,940 - database - INFO - Loaded all projects
2024-09-24 19:13:25,839 - database - INFO - Database session closed.
2024-09-24 19:13:38,590 - database - INFO - Database initialized at C:\Users\JohnPC\Desktop\Project Manager\Boligventilasjon_Prosjekter\projects.db
2024-09-24 19:13:38,830 - database - INFO - Loaded all projects
2024-09-24 19:13:38,837 - database - INFO - Loaded projects with status='Completed'
2024-09-24 19:13:38,838 - database - INFO - Loaded projects with status='Finished'
2024-09-24 19:13:38,840 - database - INFO - Loaded all projects
2024-09-24 19:13:40,199 - database - INFO - Database session closed.
2024-09-24 19:13:49,678 - database - INFO - Database initialized at C:\Users\JohnPC\Desktop\Project Manager\Boligventilasjon_Prosjekter\projects.db
2024-09-24 19:13:49,912 - database - INFO - Loaded all projects
2024-09-24 19:13:49,920 - database - INFO - Loaded projects with status='Completed'
2024-09-24 19:13:49,920 - database - INFO - Loaded projects with status='Finished'
2024-09-24 19:13:49,922 - database - INFO - Loaded all projects
2024-09-24 19:13:52,639 - database - INFO - Database session closed.
2024-09-24 19:13:58,887 - database - INFO - Database initialized at C:\Users\JohnPC\Desktop\Project Manager\Boligventilasjon_Prosjekter\projects.db
2024-09-24 19:13:59,127 - database - INFO - Loaded all projects
2024-09-24 19:13:59,129 - database - INFO - Loaded projects with status='Completed'
2024-09-24 19:13:59,130 - database - INFO - Loaded projects with status='Finished'
2024-09-24 19:13:59,131 - database - INFO - Loaded all projects
2024-09-24 19:14:02,756 - database - INFO - Database session closed.
2024-09-24 19:26:15,960 - database - INFO - Database initialized at C:\Users\JohnPC\Desktop\Project Manager\Boligventilasjon_Prosjekter\projects.db
2024-09-24 19:26:16,204 - database - INFO - Loaded all projects
2024-09-24 19:26:16,206 - database - INFO - Loaded projects with status='Completed'
2024-09-24 19:26:16,207 - database - INFO - Loaded projects with status='Finished'
2024-09-24 19:26:16,208 - database - INFO - Loaded all projects
2024-09-24 19:26:18,020 - database - INFO - Database session closed.
2024-09-24 19:30:56,229 - database - INFO - Database initialized at C:\Users\JohnPC\Desktop\Project Manager\Boligventilasjon_Prosjekter\projects.db
2024-09-24 19:30:56,464 - database - INFO - Loaded all projects
2024-09-24 19:30:56,466 - database - INFO - Loaded projects with status='Completed'
2024-09-24 19:30:56,467 - database - INFO - Loaded projects with status='Finished'
2024-09-24 19:30:56,469 - database - INFO - Loaded all projects
2024-09-24 19:46:42,228 - database - INFO - Database session closed.
2024-09-24 20:10:57,331 - database - INFO - Database initialized at C:\Users\JohnPC\Desktop\Project Manager\Boligventilasjon_Prosjekter\projects.db
2024-09-24 20:10:57,577 - database - ERROR - Failed to load projects: (sqlite3.OperationalError) no such column: projects.main_contractor
[SQL: SELECT projects.id AS projects_id, projects.name AS projects_name, projects.number AS projects_number, projects.start_date AS projects_start_date, projects.end_date AS projects_end_date, projects.status AS projects_status, projects.is_residential_complex AS projects_is_residential_complex, projects.number_of_units AS projects_number_of_units, projects.residential_details AS projects_residential_details, projects.worker AS projects_worker, projects.extra AS projects_extra, projects.main_contractor AS projects_main_contractor 
FROM projects]
(Background on this error at: https://sqlalche.me/e/20/e3q8)
2024-09-24 20:11:53,210 - database - INFO - Database initialized at C:\Users\JohnPC\Desktop\Project Manager\Boligventilasjon_Prosjekter\projects.db
2024-09-24 20:11:53,461 - database - INFO - Loaded all projects
2024-09-24 20:11:53,463 - database - INFO - Loaded projects with status='Completed'
2024-09-24 20:11:53,464 - database - INFO - Loaded projects with status='Finished'
2024-09-24 20:11:53,465 - database - INFO - Loaded all projects
2024-09-24 20:12:55,876 - database - INFO - Database session closed.
2024-09-24 20:13:10,170 - database - INFO - Database initialized at C:\Users\JohnPC\Desktop\Project Manager\Boligventilasjon_Prosjekter\projects.db
2024-09-24 20:13:10,404 - database - INFO - Loaded all projects
2024-09-24 20:13:10,406 - database - INFO - Loaded projects with status='Completed'
2024-09-24 20:13:10,407 - database - INFO - Loaded projects with status='Finished'
2024-09-24 20:13:10,408 - database - INFO - Loaded all projects
2024-09-24 20:13:34,981 - database - INFO - Added project: qweqwe ()
2024-09-24 20:13:34,982 - gui.add_project_dialog - INFO - Created project folder at C:\Users\JohnPC\Desktop\Project Manager\Boligventilasjon_Prosjekter\Lindal - qweqwe -
2024-09-24 20:13:34,983 - gui.add_project_dialog - INFO - Copied templates to C:\Users\JohnPC\Desktop\Project Manager\Boligventilasjon_Prosjekter\Lindal - qweqwe -
2024-09-24 20:13:36,064 - gui.add_project_dialog - INFO - Project added successfully: qweqwe ()
2024-09-24 20:13:36,068 - database - INFO - Loaded all projects
2024-09-24 20:13:36,070 - gui.detailed_view_tab - INFO - New project added via dialog.
2024-09-24 20:14:34,898 - gui.add_project_dialog - INFO - Added new main contractor: RA1
2024-09-24 20:14:34,900 - database - INFO - Added project: his ()
2024-09-24 20:14:34,901 - gui.add_project_dialog - INFO - Created project folder at C:\Users\JohnPC\Desktop\Project Manager\Boligventilasjon_Prosjekter\RA1 - his -
2024-09-24 20:14:34,902 - gui.add_project_dialog - INFO - Copied templates to C:\Users\JohnPC\Desktop\Project Manager\Boligventilasjon_Prosjekter\RA1 - his -
2024-09-24 20:14:35,711 - gui.add_project_dialog - INFO - Project added successfully: his ()
2024-09-24 20:14:35,714 - database - INFO - Loaded all projects
2024-09-24 20:14:35,716 - gui.detailed_view_tab - INFO - New project added via dialog.
2024-09-24 20:15:03,004 - database - INFO - Database session closed.
2024-09-24 20:15:41,841 - database - INFO - Database initialized at C:\Users\JohnPC\Desktop\Project Manager\Boligventilasjon_Prosjekter\projects.db
2024-09-24 20:15:42,074 - database - INFO - Loaded all projects
2024-09-24 20:15:42,076 - database - INFO - Loaded projects with status='Completed'
2024-09-24 20:15:42,078 - database - INFO - Loaded projects with status='Finished'
2024-09-24 20:15:42,079 - database - INFO - Loaded all projects
2024-09-24 20:15:55,150 - database - INFO - Database session closed.
2024-09-24 20:16:07,486 - database - INFO - Database initialized at C:\Users\JohnPC\Desktop\Project Manager\Boligventilasjon_Prosjekter\projects.db
2024-09-24 20:16:07,724 - database - INFO - Loaded all projects
2024-09-24 20:16:07,726 - database - INFO - Loaded projects with status='Completed'
2024-09-24 20:16:07,727 - database - INFO - Loaded projects with status='Finished'
2024-09-24 20:16:07,729 - database - INFO - Loaded all projects
2024-09-24 20:19:24,369 - database - INFO - Database session closed.
2024-09-24 20:25:20,196 - database - INFO - Database initialized at C:\Users\JohnPC\Desktop\Project Manager\Boligventilasjon_Prosjekter\projects.db
2024-09-24 20:25:20,458 - database - INFO - Loaded all projects
2024-09-24 20:25:20,462 - database - INFO - Loaded projects with status='Completed'
2024-09-24 20:25:20,465 - database - INFO - Loaded projects with status='Finished'
2024-09-24 20:25:20,467 - database - INFO - Loaded all projects
2024-09-24 20:25:23,032 - database - INFO - Database session closed.
